nohup: ignoring input
Using Theano backend.
Starting process...
Importing file:
/home/ahayasi/Desktop/2-Experiments/Season2/Stacked_Autoencoder/Fit/0-mismatch/Standardized/mismatch_standardized_training_set.csv
loss: 3.24%	acc: 96.47%	se: 96.14%	spc: 96.72%	pre: 96.60%	f1s: 96.25%
loss: 3.66%	acc: 95.88%	se: 95.07%	spc: 96.80%	pre: 96.93%	f1s: 95.84%
loss: 3.51%	acc: 96.15%	se: 95.54%	spc: 96.58%	pre: 96.42%	f1s: 95.87%
loss: 3.28%	acc: 96.31%	se: 96.63%	spc: 96.08%	pre: 96.36%	f1s: 96.39%
loss: 4.29%	acc: 95.28%	se: 96.80%	spc: 93.86%	pre: 94.07%	f1s: 95.28%
loss: 3.62%	acc: 96.04%	se: 95.74%	spc: 96.41%	pre: 96.62%	f1s: 96.05%
loss: 3.92%	acc: 95.71%	se: 94.61%	spc: 97.03%	pre: 96.64%	f1s: 95.48%
loss: 3.81%	acc: 95.82%	se: 95.09%	spc: 96.47%	pre: 96.80%	f1s: 95.76%
loss: 3.22%	acc: 96.58%	se: 96.33%	spc: 96.97%	pre: 97.14%	f1s: 96.64%
loss: 4.17%	acc: 95.49%	se: 94.58%	spc: 96.04%	pre: 95.85%	f1s: 95.03%
loss:  3.67% (+/- 0.36%)
acc:   95.97% (+/- 0.40%)
se:    95.65% (+/- 0.77%)
spc:   96.30% (+/- 0.87%)
pre:   96.34% (+/- 0.83%)
f1s:   95.86% (+/- 0.47%)
Process completed!
Used time: 136 minutes and 14 seconds
