nohup: ignoring input
Using Theano backend.
INFO (theano.gof.compilelock): Waiting for existing lock by process '4663' (I am process '4829')
INFO (theano.gof.compilelock): To manually release the lock, delete /home/ahayasi/.theano/compiledir_Linux-4.15--generic-x86_64-with-debian-buster-sid-x86_64-3.6.5-64/lock_dir
INFO (theano.gof.compilelock): Waiting for existing lock by process '4647' (I am process '4829')
INFO (theano.gof.compilelock): To manually release the lock, delete /home/ahayasi/.theano/compiledir_Linux-4.15--generic-x86_64-with-debian-buster-sid-x86_64-3.6.5-64/lock_dir
Starting process...
Importing file:
/home/ahayasi/Desktop/2-Experiments/Season6/Stacked_Autoencoder/Fit/0-mismatch/mismatch_standardized_training_set.csv
loss: 3.52%	acc: 95.82%	se: 95.13%	spc: 96.43%	pre: 96.24%	f1s: 95.53%
loss: 4.07%	acc: 95.55%	se: 94.93%	spc: 96.42%	pre: 96.76%	f1s: 95.71%
loss: 3.56%	acc: 96.09%	se: 95.18%	spc: 96.83%	pre: 96.56%	f1s: 95.75%
loss: 2.63%	acc: 97.12%	se: 96.32%	spc: 97.99%	pre: 98.11%	f1s: 97.10%
loss: 4.40%	acc: 95.06%	se: 94.80%	spc: 95.23%	pre: 95.30%	f1s: 94.89%
loss: 3.63%	acc: 96.04%	se: 95.59%	spc: 96.65%	pre: 96.63%	f1s: 95.98%
loss: 3.47%	acc: 95.98%	se: 94.30%	spc: 97.71%	pre: 97.49%	f1s: 95.74%
loss: 4.02%	acc: 95.44%	se: 94.86%	spc: 96.13%	pre: 96.22%	f1s: 95.35%
loss: 3.26%	acc: 96.31%	se: 95.56%	spc: 97.29%	pre: 97.52%	f1s: 96.41%
loss: 4.21%	acc: 95.11%	se: 93.61%	spc: 96.10%	pre: 95.68%	f1s: 94.45%
loss:  3.68% (+/- 0.49%)
acc:   95.85% (+/- 0.58%)
se:    95.03% (+/- 0.70%)
spc:   96.68% (+/- 0.78%)
pre:   96.65% (+/- 0.82%)
f1s:   95.69% (+/- 0.70%)
Process completed!
Used time: 98 minutes and 45 seconds
