nohup: ignoring input
Using Theano backend.
INFO (theano.gof.compilelock): Waiting for existing lock by process '27154' (I am process '27079')
INFO (theano.gof.compilelock): To manually release the lock, delete /home/ahayasi/.theano/compiledir_Linux-4.15--generic-x86_64-with-debian-buster-sid-x86_64-3.6.5-64/lock_dir
INFO (theano.gof.compilelock): Waiting for existing lock by process '27154' (I am process '27079')
INFO (theano.gof.compilelock): To manually release the lock, delete /home/ahayasi/.theano/compiledir_Linux-4.15--generic-x86_64-with-debian-buster-sid-x86_64-3.6.5-64/lock_dir
Starting process...
Importing file:
/home/ahayasi/Desktop/2-Experiments/Season2/Stacked_Autoencoder/Fit/0-mismatch/Standardized/mismatch_standardized_training_set.csv
loss: 3.06%	acc: 96.53%	se: 95.89%	spc: 97.03%	pre: 96.92%	f1s: 96.28%
loss: 3.77%	acc: 95.77%	se: 94.70%	spc: 96.74%	pre: 97.11%	f1s: 95.75%
loss: 3.47%	acc: 96.09%	se: 95.55%	spc: 96.59%	pre: 96.38%	f1s: 95.84%
loss: 3.20%	acc: 96.42%	se: 95.27%	spc: 97.82%	pre: 97.82%	f1s: 96.39%
loss: 4.30%	acc: 95.28%	se: 95.38%	spc: 95.13%	pre: 95.23%	f1s: 95.19%
loss: 3.77%	acc: 95.93%	se: 95.21%	spc: 96.78%	pre: 96.90%	f1s: 95.91%
loss: 4.18%	acc: 95.39%	se: 93.36%	spc: 97.46%	pre: 97.25%	f1s: 95.15%
loss: 3.63%	acc: 95.82%	se: 95.11%	spc: 96.57%	pre: 96.70%	f1s: 95.73%
loss: 3.23%	acc: 96.20%	se: 95.72%	spc: 96.81%	pre: 97.08%	f1s: 96.29%
loss: 4.19%	acc: 95.44%	se: 93.66%	spc: 96.62%	pre: 96.56%	f1s: 94.88%
loss:  3.68% (+/- 0.42%)
acc:   95.89% (+/- 0.41%)
se:    94.98% (+/- 0.81%)
spc:   96.75% (+/- 0.67%)
pre:   96.79% (+/- 0.64%)
f1s:   95.74% (+/- 0.50%)
Process completed!
Used time: 138 minutes and 45 seconds
