nohup: ignoring input
Using Theano backend.
Starting process...
Importing file:
/home/ahayasi/Desktop/2-Experiments/Season5/Stacked_Autoencoder/Fit/0-mismatch/mismatch_standardized_training_set.csv
loss: 3.05%	acc: 96.64%	se: 96.33%	spc: 96.96%	pre: 96.64%	f1s: 96.34%
loss: 3.97%	acc: 95.66%	se: 95.73%	spc: 95.61%	pre: 96.12%	f1s: 95.80%
loss: 3.31%	acc: 96.26%	se: 96.30%	spc: 96.25%	pre: 95.99%	f1s: 96.01%
loss: 2.48%	acc: 97.12%	se: 96.70%	spc: 97.67%	pre: 97.80%	f1s: 97.14%
loss: 4.46%	acc: 95.12%	se: 95.01%	spc: 95.14%	pre: 95.27%	f1s: 94.93%
loss: 3.76%	acc: 95.82%	se: 95.48%	spc: 96.29%	pre: 96.31%	f1s: 95.78%
loss: 3.61%	acc: 95.98%	se: 94.44%	spc: 97.72%	pre: 97.46%	f1s: 95.80%
loss: 3.93%	acc: 95.44%	se: 94.49%	spc: 96.33%	pre: 96.47%	f1s: 95.29%
loss: 3.16%	acc: 96.31%	se: 95.62%	spc: 97.09%	pre: 97.25%	f1s: 96.33%
loss: 3.73%	acc: 95.98%	se: 94.09%	spc: 97.30%	pre: 97.46%	f1s: 95.54%
loss:  3.55% (+/- 0.53%)
acc:   96.03% (+/- 0.55%)
se:    95.42% (+/- 0.85%)
spc:   96.64% (+/- 0.82%)
pre:   96.68% (+/- 0.76%)
f1s:   95.90% (+/- 0.58%)
Process completed!
Used time: 104 minutes and 57 seconds
