nohup: ignoring input
Using Theano backend.
INFO (theano.gof.compilelock): Waiting for existing lock by process '2882' (I am process '2891')
INFO (theano.gof.compilelock): To manually release the lock, delete /home/ahayasi/.theano/compiledir_Linux-4.15--generic-x86_64-with-debian-buster-sid-x86_64-3.6.5-64/lock_dir
INFO (theano.gof.compilelock): Waiting for existing lock by process '2879' (I am process '2891')
INFO (theano.gof.compilelock): To manually release the lock, delete /home/ahayasi/.theano/compiledir_Linux-4.15--generic-x86_64-with-debian-buster-sid-x86_64-3.6.5-64/lock_dir
Starting process...
Importing file:
/home/ahayasi/Desktop/2-Experiments/Season2/Stacked_Autoencoder/Fit/0-mismatch/Standardized/mismatch_standardized_training_set.csv
loss: 3.24%	acc: 96.31%	se: 95.75%	spc: 96.91%	pre: 96.61%	f1s: 96.06%
loss: 3.87%	acc: 95.66%	se: 94.26%	spc: 97.05%	pre: 97.23%	f1s: 95.61%
loss: 3.59%	acc: 96.09%	se: 95.52%	spc: 96.59%	pre: 96.39%	f1s: 95.85%
loss: 2.82%	acc: 96.85%	se: 96.81%	spc: 97.05%	pre: 97.14%	f1s: 96.87%
loss: 4.12%	acc: 95.44%	se: 96.31%	spc: 94.49%	pre: 94.55%	f1s: 95.27%
loss: 3.40%	acc: 96.15%	se: 95.73%	spc: 96.77%	pre: 96.73%	f1s: 96.10%
loss: 3.70%	acc: 95.71%	se: 94.96%	spc: 96.69%	pre: 96.58%	f1s: 95.63%
loss: 3.62%	acc: 96.04%	se: 95.71%	spc: 96.29%	pre: 96.49%	f1s: 95.94%
loss: 2.96%	acc: 96.58%	se: 96.09%	spc: 97.14%	pre: 97.37%	f1s: 96.65%
loss: 4.32%	acc: 95.28%	se: 94.45%	spc: 95.41%	pre: 95.46%	f1s: 94.76%
loss:  3.56% (+/- 0.45%)
acc:   96.01% (+/- 0.47%)
se:    95.56% (+/- 0.76%)
spc:   96.44% (+/- 0.81%)
pre:   96.46% (+/- 0.82%)
f1s:   95.87% (+/- 0.58%)
Process completed!
Used time: 162 minutes and 46 seconds
