nohup: ignoring input
Using Theano backend.
INFO (theano.gof.compilelock): Waiting for existing lock by process '19579' (I am process '19493')
INFO (theano.gof.compilelock): To manually release the lock, delete /home/ahayasi/.theano/compiledir_Linux-4.15--generic-x86_64-with-debian-buster-sid-x86_64-3.6.5-64/lock_dir
INFO (theano.gof.compilelock): Waiting for existing lock by process '19654' (I am process '19493')
INFO (theano.gof.compilelock): To manually release the lock, delete /home/ahayasi/.theano/compiledir_Linux-4.15--generic-x86_64-with-debian-buster-sid-x86_64-3.6.5-64/lock_dir
Starting process...
Importing file:
/home/ahayasi/Desktop/2-Experiments/Season2/Stacked_Autoencoder/Fit/0-mismatch/Standardized/mismatch_standardized_training_set.csv
loss: 3.17%	acc: 96.64%	se: 96.45%	spc: 96.77%	pre: 96.51%	f1s: 96.38%
loss: 3.66%	acc: 96.04%	se: 94.98%	spc: 97.02%	pre: 97.25%	f1s: 95.98%
loss: 3.42%	acc: 96.20%	se: 95.19%	spc: 96.96%	pre: 96.86%	f1s: 95.91%
loss: 3.21%	acc: 96.20%	se: 95.23%	spc: 97.38%	pre: 97.46%	f1s: 96.16%
loss: 4.67%	acc: 94.79%	se: 95.66%	spc: 94.02%	pre: 94.08%	f1s: 94.68%
loss: 3.95%	acc: 95.55%	se: 95.02%	spc: 96.23%	pre: 96.21%	f1s: 95.44%
loss: 4.14%	acc: 95.28%	se: 94.14%	spc: 96.64%	pre: 96.32%	f1s: 95.09%
loss: 3.94%	acc: 95.66%	se: 94.90%	spc: 96.22%	pre: 96.61%	f1s: 95.55%
loss: 3.05%	acc: 96.63%	se: 96.26%	spc: 97.22%	pre: 97.39%	f1s: 96.73%
loss: 4.04%	acc: 95.66%	se: 93.80%	spc: 96.84%	pre: 96.81%	f1s: 95.05%
loss:  3.72% (+/- 0.49%)
acc:   95.87% (+/- 0.56%)
se:    95.16% (+/- 0.78%)
spc:   96.53% (+/- 0.91%)
pre:   96.55% (+/- 0.92%)
f1s:   95.70% (+/- 0.62%)
Process completed!
Used time: 148 minutes and 37 seconds
