nohup: ignoring input
Using Theano backend.
INFO (theano.gof.compilelock): Waiting for existing lock by process '19619' (I am process '19579')
INFO (theano.gof.compilelock): To manually release the lock, delete /home/ahayasi/.theano/compiledir_Linux-4.15--generic-x86_64-with-debian-buster-sid-x86_64-3.6.5-64/lock_dir
INFO (theano.gof.compilelock): Waiting for existing lock by process '19619' (I am process '19579')
INFO (theano.gof.compilelock): To manually release the lock, delete /home/ahayasi/.theano/compiledir_Linux-4.15--generic-x86_64-with-debian-buster-sid-x86_64-3.6.5-64/lock_dir
INFO (theano.gof.compilelock): Waiting for existing lock by process '19493' (I am process '19579')
INFO (theano.gof.compilelock): To manually release the lock, delete /home/ahayasi/.theano/compiledir_Linux-4.15--generic-x86_64-with-debian-buster-sid-x86_64-3.6.5-64/lock_dir
Starting process...
Importing file:
/home/ahayasi/Desktop/2-Experiments/Season2/Stacked_Autoencoder/Fit/0-mismatch/Standardized/mismatch_standardized_training_set.csv
loss: 3.16%	acc: 96.53%	se: 96.11%	spc: 96.81%	pre: 96.74%	f1s: 96.31%
loss: 3.55%	acc: 96.15%	se: 94.78%	spc: 97.56%	pre: 97.60%	f1s: 96.06%
loss: 3.33%	acc: 96.36%	se: 95.62%	spc: 96.96%	pre: 96.87%	f1s: 96.13%
loss: 3.18%	acc: 96.31%	se: 95.98%	spc: 96.81%	pre: 96.95%	f1s: 96.33%
loss: 4.64%	acc: 94.85%	se: 95.87%	spc: 93.80%	pre: 94.09%	f1s: 94.82%
loss: 4.08%	acc: 95.39%	se: 95.13%	spc: 95.70%	pre: 95.84%	f1s: 95.31%
loss: 4.20%	acc: 95.39%	se: 94.67%	spc: 96.31%	pre: 96.04%	f1s: 95.23%
loss: 4.08%	acc: 95.50%	se: 95.18%	spc: 95.73%	pre: 95.99%	f1s: 95.42%
loss: 3.07%	acc: 96.47%	se: 96.56%	spc: 96.58%	pre: 96.79%	f1s: 96.57%
loss: 4.07%	acc: 95.55%	se: 94.06%	spc: 96.40%	pre: 96.36%	f1s: 94.97%
loss:  3.74% (+/- 0.51%)
acc:   95.85% (+/- 0.55%)
se:    95.39% (+/- 0.73%)
spc:   96.27% (+/- 0.98%)
pre:   96.33% (+/- 0.90%)
f1s:   95.71% (+/- 0.60%)
Process completed!
Used time: 148 minutes and 36 seconds
