nohup: ignoring input
Using Theano backend.
Starting process...
Importing file:
/home/ahayasi/Desktop/2-Experiments/Season2/Stacked_Autoencoder/Fit/0-mismatch/Standardized/mismatch_standardized_training_set.csv
loss: 3.16%	acc: 96.64%	se: 96.45%	spc: 96.75%	pre: 96.59%	f1s: 96.40%
loss: 3.51%	acc: 95.88%	se: 95.13%	spc: 96.61%	pre: 96.72%	f1s: 95.78%
loss: 3.37%	acc: 96.09%	se: 95.08%	spc: 96.85%	pre: 96.74%	f1s: 95.79%
loss: 3.26%	acc: 96.15%	se: 96.04%	spc: 96.48%	pre: 96.68%	f1s: 96.21%
loss: 4.50%	acc: 94.90%	se: 95.64%	spc: 94.08%	pre: 94.19%	f1s: 94.77%
loss: 4.34%	acc: 94.79%	se: 95.66%	spc: 94.02%	pre: 94.25%	f1s: 94.76%
loss: 4.30%	acc: 95.28%	se: 94.55%	spc: 96.23%	pre: 95.91%	f1s: 95.10%
loss: 3.99%	acc: 95.55%	se: 95.18%	spc: 95.85%	pre: 96.17%	f1s: 95.50%
loss: 3.18%	acc: 96.42%	se: 96.20%	spc: 96.81%	pre: 96.96%	f1s: 96.48%
loss: 4.12%	acc: 95.49%	se: 93.96%	spc: 96.39%	pre: 96.35%	f1s: 94.90%
loss:  3.77% (+/- 0.50%)
acc:   95.72% (+/- 0.59%)
se:    95.39% (+/- 0.73%)
spc:   96.01% (+/- 1.02%)
pre:   96.05% (+/- 0.96%)
f1s:   95.57% (+/- 0.63%)
Process completed!
Used time: 147 minutes and 44 seconds
