nohup: ignoring input
Using Theano backend.
INFO (theano.gof.compilelock): Waiting for existing lock by process '3038' (I am process '3071')
INFO (theano.gof.compilelock): To manually release the lock, delete /home/ahayasi/.theano/compiledir_Linux-4.15--generic-x86_64-with-debian-buster-sid-x86_64-3.6.5-64/lock_dir
INFO (theano.gof.compilelock): Waiting for existing lock by process '2879' (I am process '3071')
INFO (theano.gof.compilelock): To manually release the lock, delete /home/ahayasi/.theano/compiledir_Linux-4.15--generic-x86_64-with-debian-buster-sid-x86_64-3.6.5-64/lock_dir
INFO (theano.gof.compilelock): Waiting for existing lock by process '2891' (I am process '3071')
INFO (theano.gof.compilelock): To manually release the lock, delete /home/ahayasi/.theano/compiledir_Linux-4.15--generic-x86_64-with-debian-buster-sid-x86_64-3.6.5-64/lock_dir
INFO (theano.gof.compilelock): Waiting for existing lock by process '2882' (I am process '3071')
INFO (theano.gof.compilelock): To manually release the lock, delete /home/ahayasi/.theano/compiledir_Linux-4.15--generic-x86_64-with-debian-buster-sid-x86_64-3.6.5-64/lock_dir
Starting process...
Importing file:
/home/ahayasi/Desktop/2-Experiments/Season2/Stacked_Autoencoder/Fit/0-mismatch/Standardized/mismatch_standardized_training_set.csv
loss: 3.27%	acc: 96.47%	se: 96.20%	spc: 96.78%	pre: 96.62%	f1s: 96.25%
loss: 3.72%	acc: 95.98%	se: 94.87%	spc: 97.06%	pre: 97.29%	f1s: 95.94%
loss: 3.39%	acc: 96.20%	se: 95.21%	spc: 97.12%	pre: 96.90%	f1s: 95.96%
loss: 2.69%	acc: 97.02%	se: 96.86%	spc: 97.30%	pre: 97.33%	f1s: 96.99%
loss: 4.42%	acc: 94.90%	se: 95.65%	spc: 94.22%	pre: 94.05%	f1s: 94.67%
loss: 3.28%	acc: 96.36%	se: 95.85%	spc: 97.08%	pre: 97.01%	f1s: 96.31%
loss: 3.84%	acc: 95.71%	se: 94.34%	spc: 97.27%	pre: 96.95%	f1s: 95.51%
loss: 3.57%	acc: 95.82%	se: 95.27%	spc: 96.24%	pre: 96.49%	f1s: 95.73%
loss: 3.10%	acc: 96.47%	se: 96.33%	spc: 96.72%	pre: 96.95%	f1s: 96.56%
loss: 4.19%	acc: 95.33%	se: 93.81%	spc: 96.25%	pre: 96.19%	f1s: 94.76%
loss:  3.55% (+/- 0.49%)
acc:   96.03% (+/- 0.58%)
se:    95.44% (+/- 0.89%)
spc:   96.60% (+/- 0.87%)
pre:   96.58% (+/- 0.91%)
f1s:   95.87% (+/- 0.70%)
Process completed!
Used time: 162 minutes and 57 seconds
